<?xml version="1.0" encoding="UTF-8"?>
<!-- Generated by org.testng.reporters.JUnitReportReporter -->
<testsuite hostname="user" failures="0" tests="1" name="testcases.OrangeHRM_TestCase" time="26.820" errors="0" timestamp="2022-05-30T12:01:41 IST" skipped="0">
  <testcase classname="testcases.OrangeHRM_TestCase" name="init" time="26.820"/>
</testsuite> <!-- testcases.OrangeHRM_TestCase -->
